New log file opened at Sun Dec 04 14:34:56 CST 2016 by 5660@win7-PC
jvm 5660@win7-PC
jvm vmName=Java HotSpot(TM) 64-Bit Server VM vmVendor=Oracle Corporation vmVersion=25.111-b14
jvm specName=Java Virtual Machine Specification specVendor=Oracle Corporation specVersion=1.8
jvm arguments: [-Xms256m, -Xmx1024m, -XX:MetaspaceSize=64m, -XX:MaxMetaspaceSize=256m]
Starting event engine
Starting sbt command engine
Waiting for sbt command engine
Command engine arguments=List()
Command engine baseDirectory=C:\Users\win7\Desktop\tareaigfv2\biodiversidadebean
Command engine initial remaining commands List(--initialize, onFailure load-failed, boot, server-send-ready-for-request, server-handle-next-server-request)
> --initialize
> initialize
> onFailure load-failed
> boot
> reload
[Loading] Scanning directory C:\Users\win7\Desktop\tareaigfv2\biodiversidadebean\project
[Loading] Found non-root projects 
[Loading] Done in C:\Users\win7\Desktop\tareaigfv2\biodiversidadebean\project, returning: ()
deducing auto plugins based on known facts Set(Atom(sbt.plugins.CorePlugin)) and clauses Clauses(List(Clause(Atom(sbt.plugins.JvmPlugin),Set(Atom(sbt.plugins.IvyPlugin))), Clause(Atom(sbt.plugins.JUnitXmlReportPlugin),Set(Atom(sbt.plugins.JvmPlugin))), Clause(Atom(sbt.plugins.CorePlugin),Set(Atom(sbt.plugins.IvyPlugin))), Clause(Atom(sbt.plugins.IvyPlugin),Set(Atom(sbt.plugins.JvmPlugin))), Clause(Atom(sbt.plugins.JvmPlugin),Set(Atom(sbt.plugins.JUnitXmlReportPlugin)))))
  :: deduced result: Matched(sbt.plugins.CorePlugin,sbt.plugins.IvyPlugin,sbt.plugins.JvmPlugin,sbt.plugins.JUnitXmlReportPlugin)
sorting: ns: List(sbt.plugins.CorePlugin, sbt.plugins.IvyPlugin, sbt.plugins.JvmPlugin, sbt.plugins.JUnitXmlReportPlugin)
  :: sorting:: found: List(sbt.plugins.CorePlugin) not found List(sbt.plugins.IvyPlugin, sbt.plugins.JvmPlugin, sbt.plugins.JUnitXmlReportPlugin)
  :: sorting:: found: List(sbt.plugins.CorePlugin, sbt.plugins.IvyPlugin) not found List(sbt.plugins.JvmPlugin, sbt.plugins.JUnitXmlReportPlugin)
  :: sorting:: found: List(sbt.plugins.CorePlugin, sbt.plugins.IvyPlugin, sbt.plugins.JvmPlugin) not found List(sbt.plugins.JUnitXmlReportPlugin)
  :: sorting:: found: List(sbt.plugins.CorePlugin, sbt.plugins.IvyPlugin, sbt.plugins.JvmPlugin, sbt.plugins.JUnitXmlReportPlugin) not found List()
  :: sorted deduced result: List(sbt.plugins.CorePlugin, sbt.plugins.IvyPlugin, sbt.plugins.JvmPlugin, sbt.plugins.JUnitXmlReportPlugin)
[Loading] Done in C:\Users\win7\Desktop\tareaigfv2\biodiversidadebean\project, returning: (biodiversidadebean-build)
Loading project definition from C:\Users\win7\Desktop\tareaigfv2\biodiversidadebean\project
Running task... Cancel: sbt.TaskCancellationStrategy$Null$@38a6f3de, check cycles: false

Initial source changes: 
	removed:Set()
	added: Set()
	modified: Set()
Removed products: Set()
External API changes: API Changes: Set()
Modified binary dependencies: Set()
Initial directly invalidated sources: Set()

Sources indirectly invalidated by:
	product: Set()
	binary dep: Set()
	external source: Set()
All initially invalidated sources: Set()

Copy resource mappings: 
	
[Loading] Scanning directory C:\Users\win7\Desktop\tareaigfv2\biodiversidadebean
[Loading] Found root project myProject w/ remaining 
deducing auto plugins based on known facts Set(Atom(play.sbt.PlayJava), Atom(play.ebean.sbt.PlayEbean), Atom(sbt.plugins.CorePlugin)) and clauses Clauses(List(Clause(Atom(sbt.plugins.JvmPlugin),Set(Atom(sbt.plugins.IvyPlugin))), Clause(Atom(sbt.plugins.JUnitXmlReportPlugin),Set(Atom(sbt.plugins.JvmPlugin))), Clause(Atom(com.typesafe.sbteclipse.plugin.EclipsePlugin),Set(Atom(sbt.plugins.JvmPlugin))), Clause(Atom(play.sbt.forkrun.PlayForkRun),Set(Atom(sbt.plugins.BackgroundRunPlugin))), Clause(Atom(play.sbt.forkrun.PlayForkRun),Set(Atom(play.sbt.Play))), Clause(Atom(play.sbt.forkrun.PlayForkRun),Set(Atom(sbt.plugins.SerializersPlugin))), Clause(Atom(play.sbt.Play),Set(Atom(com.typesafe.sbt.packager.archetypes.JavaServerAppPackaging))), Clause(Atom(play.sbt.Play),Set(Atom(play.sbt.routes.RoutesCompiler))), Clause(Atom(play.sbt.Play),Set(Atom(play.twirl.sbt.SbtTwirl))), Clause(Atom(play.sbt.Play),Set(Atom(com.typesafe.sbt.jse.SbtJsTask))), Clause(Atom(play.sbt.PlayAkkaHttpServer),Set(Atom(play.sbt.Play))), Clause(Atom(play.sbt.PlayJava),Set(Atom(play.sbt.Play))), Clause(Atom(play.sbt.PlayLayoutPlugin),Set(Atom(play.sbt.Play))), Clause(Atom(play.sbt.PlayLogback),Set(Atom(play.sbt.Play))), Clause(Atom(play.sbt.PlayNettyServer),Set(Atom(play.sbt.Play))), Clause(Atom(play.sbt.PlayScala),Set(Atom(play.sbt.Play))), Clause(Atom(play.sbt.routes.RoutesCompiler),Set(Atom(sbt.plugins.JvmPlugin))), Clause(Atom(play.twirl.sbt.SbtTwirl),Set(Atom(sbt.plugins.JvmPlugin))), Clause(Atom(com.typesafe.sbt.packager.archetypes.AkkaAppPackaging),Set(Atom(com.typesafe.sbt.packager.archetypes.JavaAppPackaging))), Clause(Atom(com.typesafe.sbt.packager.archetypes.JavaAppPackaging),Set(Atom(com.typesafe.sbt.packager.windows.WindowsPlugin))), Clause(Atom(com.typesafe.sbt.packager.archetypes.JavaAppPackaging),Set(Atom(com.typesafe.sbt.packager.docker.DockerPlugin))), Clause(Atom(com.typesafe.sbt.packager.archetypes.JavaAppPackaging),Set(Atom(com.typesafe.sbt.packager.debian.DebianPlugin))), Clause(Atom(com.typesafe.sbt.packager.archetypes.JavaAppPackaging),Set(Atom(com.typesafe.sbt.packager.rpm.RpmPlugin))), Clause(Atom(com.typesafe.sbt.packager.archetypes.JavaServerAppPackaging),Set(Atom(com.typesafe.sbt.packager.archetypes.JavaAppPackaging))), Clause(Atom(com.typesafe.sbt.packager.archetypes.jar.ClasspathJarPlugin),Set(Atom(com.typesafe.sbt.packager.archetypes.JavaAppPackaging))), Clause(Atom(com.typesafe.sbt.packager.archetypes.jar.LauncherJarPlugin),Set(Atom(com.typesafe.sbt.packager.archetypes.JavaAppPackaging))), Clause(Atom(com.typesafe.sbt.packager.debian.DebianDeployPlugin),Set(Atom(com.typesafe.sbt.packager.debian.DebianPlugin))), Clause(Atom(com.typesafe.sbt.packager.debian.DebianPlugin),Set(Atom(com.typesafe.sbt.packager.linux.LinuxPlugin))), Clause(Atom(com.typesafe.sbt.packager.debian.JDebPackaging),Set(Atom(com.typesafe.sbt.packager.debian.DebianPlugin))), Clause(Atom(com.typesafe.sbt.packager.docker.DockerPlugin),Set(Atom(com.typesafe.sbt.packager.universal.UniversalPlugin))), Clause(Atom(com.typesafe.sbt.packager.jdkpackager.JDKPackagerDeployPlugin),Set(Atom(com.typesafe.sbt.packager.jdkpackager.JDKPackagerPlugin))), Clause(Atom(com.typesafe.sbt.packager.jdkpackager.JDKPackagerPlugin),Set(Atom(com.typesafe.sbt.packager.archetypes.JavaAppPackaging))), Clause(Atom(com.typesafe.sbt.packager.jdkpackager.JDKPackagerPlugin),Set(Atom(com.typesafe.sbt.packager.archetypes.jar.LauncherJarPlugin))), Clause(Atom(com.typesafe.sbt.packager.linux.LinuxPlugin),Set(Atom(com.typesafe.sbt.packager.universal.UniversalPlugin))), Clause(Atom(com.typesafe.sbt.packager.rpm.RpmDeployPlugin),Set(Atom(com.typesafe.sbt.packager.rpm.RpmPlugin))), Clause(Atom(com.typesafe.sbt.packager.rpm.RpmPlugin),Set(Atom(com.typesafe.sbt.packager.linux.LinuxPlugin))), Clause(Atom(com.typesafe.sbt.packager.universal.UniversalDeployPlugin),Set(Atom(com.typesafe.sbt.packager.universal.UniversalPlugin))), Clause(Atom(com.typesafe.sbt.packager.universal.UniversalPlugin),Set(Atom(com.typesafe.sbt.SbtNativePackager))), Clause(Atom(com.typesafe.sbt.packager.windows.WindowsDeployPlugin),Set(Atom(com.typesafe.sbt.packager.windows.WindowsPlugin))), Clause(Atom(com.typesafe.sbt.packager.windows.WindowsPlugin),Set(Atom(com.typesafe.sbt.packager.universal.UniversalPlugin))), Clause(Atom(com.typesafe.sbt.web.SbtWeb),Set(Atom(sbt.plugins.JvmPlugin))), Clause(Atom(sbt.plugins.BackgroundRunPlugin),Set(Atom(sbt.plugins.JvmPlugin))), Clause(Atom(com.typesafe.sbt.coffeescript.SbtCoffeeScript),Set(Atom(com.typesafe.sbt.jse.SbtJsTask))), Clause(Atom(com.typesafe.sbt.less.SbtLess),Set(Atom(com.typesafe.sbt.jse.SbtJsTask))), Clause(Atom(com.typesafe.sbt.jshint.SbtJSHint),Set(Atom(com.typesafe.sbt.jse.SbtJsTask))), Clause(Atom(com.typesafe.sbt.rjs.SbtRjs),Set(Atom(com.typesafe.sbt.jse.SbtJsTask))), Clause(Atom(com.typesafe.sbt.jse.SbtJsEngine),Set(Atom(com.typesafe.sbt.web.SbtWeb))), Clause(Atom(com.typesafe.sbt.jse.SbtJsTask),Set(Atom(com.typesafe.sbt.jse.SbtJsEngine))), Clause(Atom(com.typesafe.sbt.digest.SbtDigest),Set(Atom(com.typesafe.sbt.web.SbtWeb))), Clause(Atom(com.typesafe.sbt.gzip.SbtGzip),Set(Atom(com.typesafe.sbt.web.SbtWeb))), Clause(Atom(com.typesafe.sbt.mocha.SbtMocha),Set(Atom(com.typesafe.sbt.jse.SbtJsTask))), Clause(Atom(org.irundaia.sbt.sass.SbtSassify),Set(Atom(com.typesafe.sbt.web.SbtWeb))), Clause(Atom(com.typesafe.play.sbt.enhancer.PlayEnhancer),Set(Atom(sbt.plugins.JvmPlugin))), Clause(Atom(play.ebean.sbt.PlayEbean),Set(Atom(com.typesafe.play.sbt.enhancer.PlayEnhancer))), Clause(Atom(sbt.plugins.CorePlugin),Set(Atom(sbt.plugins.IvyPlugin))), Clause(Atom(sbt.plugins.IvyPlugin),Set(Atom(sbt.plugins.JvmPlugin))), Clause(Atom(sbt.plugins.JvmPlugin),Set(Atom(sbt.plugins.JUnitXmlReportPlugin))), Clause(Atom(sbt.plugins.JvmPlugin),Set(Atom(com.typesafe.sbteclipse.plugin.EclipsePlugin))), Clause(And(Set(Atom(sbt.plugins.BackgroundRunPlugin), Atom(play.sbt.Play), Atom(sbt.plugins.SerializersPlugin))),Set(Atom(play.sbt.forkrun.PlayForkRun))), Clause(Atom(play.sbt.Play),Set(Atom(play.sbt.PlayLayoutPlugin))), Clause(Atom(play.sbt.Play),Set(Atom(play.sbt.PlayLogback))), Clause(Atom(play.sbt.Play),Set(Atom(play.sbt.PlayNettyServer))), Clause(Atom(sbt.plugins.JvmPlugin),Set(Atom(sbt.plugins.BackgroundRunPlugin))), Clause(Atom(sbt.plugins.CorePlugin),Set(Atom(sbt.plugins.InteractionServicePlugin))), Clause(Atom(sbt.plugins.CorePlugin),Set(Atom(sbt.plugins.SendEventServicePlugin))), Clause(Atom(sbt.plugins.CorePlugin),Set(Atom(sbt.plugins.SerializersPlugin))), Clause(Atom(com.typesafe.sbt.jse.SbtJsTask),Set(Atom(com.typesafe.sbt.coffeescript.SbtCoffeeScript))), Clause(Atom(com.typesafe.sbt.jse.SbtJsTask),Set(Atom(com.typesafe.sbt.less.SbtLess))), Clause(Atom(com.typesafe.sbt.jse.SbtJsTask),Set(Atom(com.typesafe.sbt.jshint.SbtJSHint))), Clause(Atom(com.typesafe.sbt.jse.SbtJsTask),Set(Atom(com.typesafe.sbt.rjs.SbtRjs))), Clause(Atom(com.typesafe.sbt.web.SbtWeb),Set(Atom(com.typesafe.sbt.jse.SbtJsEngine))), Clause(Atom(com.typesafe.sbt.jse.SbtJsEngine),Set(Atom(com.typesafe.sbt.jse.SbtJsTask))), Clause(Atom(com.typesafe.sbt.web.SbtWeb),Set(Atom(com.typesafe.sbt.digest.SbtDigest))), Clause(Atom(com.typesafe.sbt.web.SbtWeb),Set(Atom(com.typesafe.sbt.gzip.SbtGzip))), Clause(Atom(com.typesafe.sbt.jse.SbtJsTask),Set(Atom(com.typesafe.sbt.mocha.SbtMocha))), Clause(Atom(com.typesafe.sbt.web.SbtWeb),Set(Atom(org.irundaia.sbt.sass.SbtSassify))), Clause(Atom(sbt.plugins.JvmPlugin),Set(Atom(com.typesafe.play.sbt.enhancer.PlayEnhancer)))))
  :: deduced result: Matched(sbt.plugins.CorePlugin,play.ebean.sbt.PlayEbean,play.sbt.PlayJava,com.typesafe.play.sbt.enhancer.PlayEnhancer,sbt.plugins.InteractionServicePlugin,sbt.plugins.SendEventServicePlugin,play.sbt.Play,sbt.plugins.SerializersPlugin,sbt.plugins.IvyPlugin,com.typesafe.sbt.packager.archetypes.JavaServerAppPackaging,play.twirl.sbt.SbtTwirl,sbt.plugins.JvmPlugin,play.sbt.PlayNettyServer,play.sbt.PlayLayoutPlugin,play.sbt.routes.RoutesCompiler,play.sbt.PlayLogback,com.typesafe.sbt.jse.SbtJsTask,com.typesafe.sbt.jshint.SbtJSHint,com.typesafe.sbteclipse.plugin.EclipsePlugin,com.typesafe.sbt.packager.archetypes.JavaAppPackaging,sbt.plugins.JUnitXmlReportPlugin,com.typesafe.sbt.mocha.SbtMocha,com.typesafe.sbt.less.SbtLess,com.typesafe.sbt.rjs.SbtRjs,com.typesafe.sbt.jse.SbtJsEngine,com.typesafe.sbt.coffeescript.SbtCoffeeScript,sbt.plugins.BackgroundRunPlugin,com.typesafe.sbt.packager.rpm.RpmPlugin,com.typesafe.sbt.packager.windows.WindowsPlugin,com.typesafe.sbt.web.SbtWeb,com.typesafe.sbt.packager.docker.DockerPlugin,play.sbt.forkrun.PlayForkRun,com.typesafe.sbt.packager.debian.DebianPlugin,org.irundaia.sbt.sass.SbtSassify,com.typesafe.sbt.digest.SbtDigest,com.typesafe.sbt.packager.linux.LinuxPlugin,com.typesafe.sbt.packager.universal.UniversalPlugin,com.typesafe.sbt.gzip.SbtGzip,com.typesafe.sbt.SbtNativePackager)
sorting: ns: List(sbt.plugins.CorePlugin, play.ebean.sbt.PlayEbean, play.sbt.PlayJava, com.typesafe.play.sbt.enhancer.PlayEnhancer, sbt.plugins.InteractionServicePlugin, sbt.plugins.SendEventServicePlugin, play.sbt.Play, sbt.plugins.SerializersPlugin, sbt.plugins.IvyPlugin, com.typesafe.sbt.packager.archetypes.JavaServerAppPackaging, play.twirl.sbt.SbtTwirl, sbt.plugins.JvmPlugin, play.sbt.PlayNettyServer, play.sbt.PlayLayoutPlugin, play.sbt.routes.RoutesCompiler, play.sbt.PlayLogback, com.typesafe.sbt.jse.SbtJsTask, com.typesafe.sbt.jshint.SbtJSHint, com.typesafe.sbteclipse.plugin.EclipsePlugin, com.typesafe.sbt.packager.archetypes.JavaAppPackaging, sbt.plugins.JUnitXmlReportPlugin, com.typesafe.sbt.mocha.SbtMocha, com.typesafe.sbt.less.SbtLess, com.typesafe.sbt.rjs.SbtRjs, com.typesafe.sbt.jse.SbtJsEngine, com.typesafe.sbt.coffeescript.SbtCoffeeScript, sbt.plugins.BackgroundRunPlugin, com.typesafe.sbt.packager.rpm.RpmPlugin, com.typesafe.sbt.packager.windows.WindowsPlugin, com.typesafe.sbt.web.SbtWeb, com.typesafe.sbt.packager.docker.DockerPlugin, play.sbt.forkrun.PlayForkRun, com.typesafe.sbt.packager.debian.DebianPlugin, org.irundaia.sbt.sass.SbtSassify, com.typesafe.sbt.digest.SbtDigest, com.typesafe.sbt.packager.linux.LinuxPlugin, com.typesafe.sbt.packager.universal.UniversalPlugin, com.typesafe.sbt.gzip.SbtGzip, com.typesafe.sbt.SbtNativePackager)
  :: sorting:: found: List(sbt.plugins.CorePlugin, com.typesafe.sbt.SbtNativePackager) not found List(play.ebean.sbt.PlayEbean, play.sbt.PlayJava, com.typesafe.play.sbt.enhancer.PlayEnhancer, sbt.plugins.InteractionServicePlugin, sbt.plugins.SendEventServicePlugin, play.sbt.Play, sbt.plugins.SerializersPlugin, sbt.plugins.IvyPlugin, com.typesafe.sbt.packager.archetypes.JavaServerAppPackaging, play.twirl.sbt.SbtTwirl, sbt.plugins.JvmPlugin, play.sbt.PlayNettyServer, play.sbt.PlayLayoutPlugin, play.sbt.routes.RoutesCompiler, play.sbt.PlayLogback, com.typesafe.sbt.jse.SbtJsTask, com.typesafe.sbt.jshint.SbtJSHint, com.typesafe.sbteclipse.plugin.EclipsePlugin, com.typesafe.sbt.packager.archetypes.JavaAppPackaging, sbt.plugins.JUnitXmlReportPlugin, com.typesafe.sbt.mocha.SbtMocha, com.typesafe.sbt.less.SbtLess, com.typesafe.sbt.rjs.SbtRjs, com.typesafe.sbt.jse.SbtJsEngine, com.typesafe.sbt.coffeescript.SbtCoffeeScript, sbt.plugins.BackgroundRunPlugin, com.typesafe.sbt.packager.rpm.RpmPlugin, com.typesafe.sbt.packager.windows.WindowsPlugin, com.typesafe.sbt.web.SbtWeb, com.typesafe.sbt.packager.docker.DockerPlugin, play.sbt.forkrun.PlayForkRun, com.typesafe.sbt.packager.debian.DebianPlugin, org.irundaia.sbt.sass.SbtSassify, com.typesafe.sbt.digest.SbtDigest, com.typesafe.sbt.packager.linux.LinuxPlugin, com.typesafe.sbt.packager.universal.UniversalPlugin, com.typesafe.sbt.gzip.SbtGzip)
  :: sorting:: found: List(sbt.plugins.CorePlugin, com.typesafe.sbt.SbtNativePackager, sbt.plugins.InteractionServicePlugin, sbt.plugins.SendEventServicePlugin, sbt.plugins.SerializersPlugin, sbt.plugins.IvyPlugin, com.typesafe.sbt.packager.universal.UniversalPlugin) not found List(play.ebean.sbt.PlayEbean, play.sbt.PlayJava, com.typesafe.play.sbt.enhancer.PlayEnhancer, play.sbt.Play, com.typesafe.sbt.packager.archetypes.JavaServerAppPackaging, play.twirl.sbt.SbtTwirl, sbt.plugins.JvmPlugin, play.sbt.PlayNettyServer, play.sbt.PlayLayoutPlugin, play.sbt.routes.RoutesCompiler, play.sbt.PlayLogback, com.typesafe.sbt.jse.SbtJsTask, com.typesafe.sbt.jshint.SbtJSHint, com.typesafe.sbteclipse.plugin.EclipsePlugin, com.typesafe.sbt.packager.archetypes.JavaAppPackaging, sbt.plugins.JUnitXmlReportPlugin, com.typesafe.sbt.mocha.SbtMocha, com.typesafe.sbt.less.SbtLess, com.typesafe.sbt.rjs.SbtRjs, com.typesafe.sbt.jse.SbtJsEngine, com.typesafe.sbt.coffeescript.SbtCoffeeScript, sbt.plugins.BackgroundRunPlugin, com.typesafe.sbt.packager.rpm.RpmPlugin, com.typesafe.sbt.packager.windows.WindowsPlugin, com.typesafe.sbt.web.SbtWeb, com.typesafe.sbt.packager.docker.DockerPlugin, play.sbt.forkrun.PlayForkRun, com.typesafe.sbt.packager.debian.DebianPlugin, org.irundaia.sbt.sass.SbtSassify, com.typesafe.sbt.digest.SbtDigest, com.typesafe.sbt.packager.linux.LinuxPlugin, com.typesafe.sbt.gzip.SbtGzip)
  :: sorting:: found: List(sbt.plugins.CorePlugin, com.typesafe.sbt.SbtNativePackager, sbt.plugins.InteractionServicePlugin, sbt.plugins.SendEventServicePlugin, sbt.plugins.SerializersPlugin, sbt.plugins.IvyPlugin, com.typesafe.sbt.packager.universal.UniversalPlugin, sbt.plugins.JvmPlugin, com.typesafe.sbt.packager.windows.WindowsPlugin, com.typesafe.sbt.packager.docker.DockerPlugin, com.typesafe.sbt.packager.linux.LinuxPlugin) not found List(play.ebean.sbt.PlayEbean, play.sbt.PlayJava, com.typesafe.play.sbt.enhancer.PlayEnhancer, play.sbt.Play, com.typesafe.sbt.packager.archetypes.JavaServerAppPackaging, play.twirl.sbt.SbtTwirl, play.sbt.PlayNettyServer, play.sbt.PlayLayoutPlugin, play.sbt.routes.RoutesCompiler, play.sbt.PlayLogback, com.typesafe.sbt.jse.SbtJsTask, com.typesafe.sbt.jshint.SbtJSHint, com.typesafe.sbteclipse.plugin.EclipsePlugin, com.typesafe.sbt.packager.archetypes.JavaAppPackaging, sbt.plugins.JUnitXmlReportPlugin, com.typesafe.sbt.mocha.SbtMocha, com.typesafe.sbt.less.SbtLess, com.typesafe.sbt.rjs.SbtRjs, com.typesafe.sbt.jse.SbtJsEngine, com.typesafe.sbt.coffeescript.SbtCoffeeScript, sbt.plugins.BackgroundRunPlugin, com.typesafe.sbt.packager.rpm.RpmPlugin, com.typesafe.sbt.web.SbtWeb, play.sbt.forkrun.PlayForkRun, com.typesafe.sbt.packager.debian.DebianPlugin, org.irundaia.sbt.sass.SbtSassify, com.typesafe.sbt.digest.SbtDigest, com.typesafe.sbt.gzip.SbtGzip)
  :: sorting:: found: List(sbt.plugins.CorePlugin, com.typesafe.sbt.SbtNativePackager, sbt.plugins.InteractionServicePlugin, sbt.plugins.SendEventServicePlugin, sbt.plugins.SerializersPlugin, sbt.plugins.IvyPlugin, com.typesafe.sbt.packager.universal.UniversalPlugin, sbt.plugins.JvmPlugin, com.typesafe.sbt.packager.windows.WindowsPlugin, com.typesafe.sbt.packager.docker.DockerPlugin, com.typesafe.sbt.packager.linux.LinuxPlugin, com.typesafe.play.sbt.enhancer.PlayEnhancer, play.twirl.sbt.SbtTwirl, play.sbt.routes.RoutesCompiler, com.typesafe.sbteclipse.plugin.EclipsePlugin, sbt.plugins.JUnitXmlReportPlugin, sbt.plugins.BackgroundRunPlugin, com.typesafe.sbt.packager.rpm.RpmPlugin, com.typesafe.sbt.web.SbtWeb, com.typesafe.sbt.packager.debian.DebianPlugin) not found List(play.ebean.sbt.PlayEbean, play.sbt.PlayJava, play.sbt.Play, com.typesafe.sbt.packager.archetypes.JavaServerAppPackaging, play.sbt.PlayNettyServer, play.sbt.PlayLayoutPlugin, play.sbt.PlayLogback, com.typesafe.sbt.jse.SbtJsTask, com.typesafe.sbt.jshint.SbtJSHint, com.typesafe.sbt.packager.archetypes.JavaAppPackaging, com.typesafe.sbt.mocha.SbtMocha, com.typesafe.sbt.less.SbtLess, com.typesafe.sbt.rjs.SbtRjs, com.typesafe.sbt.jse.SbtJsEngine, com.typesafe.sbt.coffeescript.SbtCoffeeScript, play.sbt.forkrun.PlayForkRun, org.irundaia.sbt.sass.SbtSassify, com.typesafe.sbt.digest.SbtDigest, com.typesafe.sbt.gzip.SbtGzip)
  :: sorting:: found: List(sbt.plugins.CorePlugin, com.typesafe.sbt.SbtNativePackager, sbt.plugins.InteractionServicePlugin, sbt.plugins.SendEventServicePlugin, sbt.plugins.SerializersPlugin, sbt.plugins.IvyPlugin, com.typesafe.sbt.packager.universal.UniversalPlugin, sbt.plugins.JvmPlugin, com.typesafe.sbt.packager.windows.WindowsPlugin, com.typesafe.sbt.packager.docker.DockerPlugin, com.typesafe.sbt.packager.linux.LinuxPlugin, com.typesafe.play.sbt.enhancer.PlayEnhancer, play.twirl.sbt.SbtTwirl, play.sbt.routes.RoutesCompiler, com.typesafe.sbteclipse.plugin.EclipsePlugin, sbt.plugins.JUnitXmlReportPlugin, sbt.plugins.BackgroundRunPlugin, com.typesafe.sbt.packager.rpm.RpmPlugin, com.typesafe.sbt.web.SbtWeb, com.typesafe.sbt.packager.debian.DebianPlugin, play.ebean.sbt.PlayEbean, com.typesafe.sbt.packager.archetypes.JavaAppPackaging, com.typesafe.sbt.jse.SbtJsEngine, org.irundaia.sbt.sass.SbtSassify, com.typesafe.sbt.digest.SbtDigest, com.typesafe.sbt.gzip.SbtGzip) not found List(play.sbt.PlayJava, play.sbt.Play, com.typesafe.sbt.packager.archetypes.JavaServerAppPackaging, play.sbt.PlayNettyServer, play.sbt.PlayLayoutPlugin, play.sbt.PlayLogback, com.typesafe.sbt.jse.SbtJsTask, com.typesafe.sbt.jshint.SbtJSHint, com.typesafe.sbt.mocha.SbtMocha, com.typesafe.sbt.less.SbtLess, com.typesafe.sbt.rjs.SbtRjs, com.typesafe.sbt.coffeescript.SbtCoffeeScript, play.sbt.forkrun.PlayForkRun)
  :: sorting:: found: List(sbt.plugins.CorePlugin, com.typesafe.sbt.SbtNativePackager, sbt.plugins.InteractionServicePlugin, sbt.plugins.SendEventServicePlugin, sbt.plugins.SerializersPlugin, sbt.plugins.IvyPlugin, com.typesafe.sbt.packager.universal.UniversalPlugin, sbt.plugins.JvmPlugin, com.typesafe.sbt.packager.windows.WindowsPlugin, com.typesafe.sbt.packager.docker.DockerPlugin, com.typesafe.sbt.packager.linux.LinuxPlugin, com.typesafe.play.sbt.enhancer.PlayEnhancer, play.twirl.sbt.SbtTwirl, play.sbt.routes.RoutesCompiler, com.typesafe.sbteclipse.plugin.EclipsePlugin, sbt.plugins.JUnitXmlReportPlugin, sbt.plugins.BackgroundRunPlugin, com.typesafe.sbt.packager.rpm.RpmPlugin, com.typesafe.sbt.web.SbtWeb, com.typesafe.sbt.packager.debian.DebianPlugin, play.ebean.sbt.PlayEbean, com.typesafe.sbt.packager.archetypes.JavaAppPackaging, com.typesafe.sbt.jse.SbtJsEngine, org.irundaia.sbt.sass.SbtSassify, com.typesafe.sbt.digest.SbtDigest, com.typesafe.sbt.gzip.SbtGzip, com.typesafe.sbt.packager.archetypes.JavaServerAppPackaging, com.typesafe.sbt.jse.SbtJsTask) not found List(play.sbt.PlayJava, play.sbt.Play, play.sbt.PlayNettyServer, play.sbt.PlayLayoutPlugin, play.sbt.PlayLogback, com.typesafe.sbt.jshint.SbtJSHint, com.typesafe.sbt.mocha.SbtMocha, com.typesafe.sbt.less.SbtLess, com.typesafe.sbt.rjs.SbtRjs, com.typesafe.sbt.coffeescript.SbtCoffeeScript, play.sbt.forkrun.PlayForkRun)
  :: sorting:: found: List(sbt.plugins.CorePlugin, com.typesafe.sbt.SbtNativePackager, sbt.plugins.InteractionServicePlugin, sbt.plugins.SendEventServicePlugin, sbt.plugins.SerializersPlugin, sbt.plugins.IvyPlugin, com.typesafe.sbt.packager.universal.UniversalPlugin, sbt.plugins.JvmPlugin, com.typesafe.sbt.packager.windows.WindowsPlugin, com.typesafe.sbt.packager.docker.DockerPlugin, com.typesafe.sbt.packager.linux.LinuxPlugin, com.typesafe.play.sbt.enhancer.PlayEnhancer, play.twirl.sbt.SbtTwirl, play.sbt.routes.RoutesCompiler, com.typesafe.sbteclipse.plugin.EclipsePlugin, sbt.plugins.JUnitXmlReportPlugin, sbt.plugins.BackgroundRunPlugin, com.typesafe.sbt.packager.rpm.RpmPlugin, com.typesafe.sbt.web.SbtWeb, com.typesafe.sbt.packager.debian.DebianPlugin, play.ebean.sbt.PlayEbean, com.typesafe.sbt.packager.archetypes.JavaAppPackaging, com.typesafe.sbt.jse.SbtJsEngine, org.irundaia.sbt.sass.SbtSassify, com.typesafe.sbt.digest.SbtDigest, com.typesafe.sbt.gzip.SbtGzip, com.typesafe.sbt.packager.archetypes.JavaServerAppPackaging, com.typesafe.sbt.jse.SbtJsTask, play.sbt.Play, com.typesafe.sbt.jshint.SbtJSHint, com.typesafe.sbt.mocha.SbtMocha, com.typesafe.sbt.less.SbtLess, com.typesafe.sbt.rjs.SbtRjs, com.typesafe.sbt.coffeescript.SbtCoffeeScript) not found List(play.sbt.PlayJava, play.sbt.PlayNettyServer, play.sbt.PlayLayoutPlugin, play.sbt.PlayLogback, play.sbt.forkrun.PlayForkRun)
  :: sorting:: found: List(sbt.plugins.CorePlugin, com.typesafe.sbt.SbtNativePackager, sbt.plugins.InteractionServicePlugin, sbt.plugins.SendEventServicePlugin, sbt.plugins.SerializersPlugin, sbt.plugins.IvyPlugin, com.typesafe.sbt.packager.universal.UniversalPlugin, sbt.plugins.JvmPlugin, com.typesafe.sbt.packager.windows.WindowsPlugin, com.typesafe.sbt.packager.docker.DockerPlugin, com.typesafe.sbt.packager.linux.LinuxPlugin, com.typesafe.play.sbt.enhancer.PlayEnhancer, play.twirl.sbt.SbtTwirl, play.sbt.routes.RoutesCompiler, com.typesafe.sbteclipse.plugin.EclipsePlugin, sbt.plugins.JUnitXmlReportPlugin, sbt.plugins.BackgroundRunPlugin, com.typesafe.sbt.packager.rpm.RpmPlugin, com.typesafe.sbt.web.SbtWeb, com.typesafe.sbt.packager.debian.DebianPlugin, play.ebean.sbt.PlayEbean, com.typesafe.sbt.packager.archetypes.JavaAppPackaging, com.typesafe.sbt.jse.SbtJsEngine, org.irundaia.sbt.sass.SbtSassify, com.typesafe.sbt.digest.SbtDigest, com.typesafe.sbt.gzip.SbtGzip, com.typesafe.sbt.packager.archetypes.JavaServerAppPackaging, com.typesafe.sbt.jse.SbtJsTask, play.sbt.Play, com.typesafe.sbt.jshint.SbtJSHint, com.typesafe.sbt.mocha.SbtMocha, com.typesafe.sbt.less.SbtLess, com.typesafe.sbt.rjs.SbtRjs, com.typesafe.sbt.coffeescript.SbtCoffeeScript, play.sbt.PlayJava, play.sbt.PlayNettyServer, play.sbt.PlayLayoutPlugin, play.sbt.PlayLogback, play.sbt.forkrun.PlayForkRun) not found List()
  :: sorted deduced result: List(sbt.plugins.CorePlugin, com.typesafe.sbt.SbtNativePackager, sbt.plugins.InteractionServicePlugin, sbt.plugins.SendEventServicePlugin, sbt.plugins.SerializersPlugin, sbt.plugins.IvyPlugin, com.typesafe.sbt.packager.universal.UniversalPlugin, sbt.plugins.JvmPlugin, com.typesafe.sbt.packager.windows.WindowsPlugin, com.typesafe.sbt.packager.docker.DockerPlugin, com.typesafe.sbt.packager.linux.LinuxPlugin, com.typesafe.play.sbt.enhancer.PlayEnhancer, play.twirl.sbt.SbtTwirl, play.sbt.routes.RoutesCompiler, com.typesafe.sbteclipse.plugin.EclipsePlugin, sbt.plugins.JUnitXmlReportPlugin, sbt.plugins.BackgroundRunPlugin, com.typesafe.sbt.packager.rpm.RpmPlugin, com.typesafe.sbt.web.SbtWeb, com.typesafe.sbt.packager.debian.DebianPlugin, play.ebean.sbt.PlayEbean, com.typesafe.sbt.packager.archetypes.JavaAppPackaging, com.typesafe.sbt.jse.SbtJsEngine, org.irundaia.sbt.sass.SbtSassify, com.typesafe.sbt.digest.SbtDigest, com.typesafe.sbt.gzip.SbtGzip, com.typesafe.sbt.packager.archetypes.JavaServerAppPackaging, com.typesafe.sbt.jse.SbtJsTask, play.sbt.Play, com.typesafe.sbt.jshint.SbtJSHint, com.typesafe.sbt.mocha.SbtMocha, com.typesafe.sbt.less.SbtLess, com.typesafe.sbt.rjs.SbtRjs, com.typesafe.sbt.coffeescript.SbtCoffeeScript, play.sbt.PlayJava, play.sbt.PlayNettyServer, play.sbt.PlayLayoutPlugin, play.sbt.PlayLogback, play.sbt.forkrun.PlayForkRun)
[Loading] Done in C:\Users\win7\Desktop\tareaigfv2\biodiversidadebean, returning: (myProject)
Set current project to biodiversidadebean (in build file:/C:/Users/win7/Desktop/tareaigfv2/biodiversidadebean/)
Reapplying settings...
Set current project to biodiversidadebean (in build file:/C:/Users/win7/Desktop/tareaigfv2/biodiversidadebean/)
> iflast shell
> server-send-ready-for-request
> server-handle-next-server-request
> {file:/C:/Users/win7/Desktop/tareaigfv2/biodiversidadebean/}myProject/compile:discoveredMainClasses
Evaluating tasks: compile:discoveredMainClasses
Running task... Cancel: sbt.server.ServerTaskCancellation@6fc25d76, check cycles: false

Initial source changes: 
	removed:Set()
	added: Set()
	modified: Set()
Removed products: Set()
External API changes: API Changes: Set()
Modified binary dependencies: Set()
Initial directly invalidated sources: Set()

Sources indirectly invalidated by:
	product: Set()
	binary dep: Set()
	external source: Set()
All initially invalidated sources: Set()

Total time: 4 s, completed 04-dic-2016 14:35:18
> server-post-command-cleanup
> server-handle-next-server-request
> {file:/C:/Users/win7/Desktop/tareaigfv2/biodiversidadebean/}myProject/compile:mainClass
Evaluating tasks: compile:mainClass
Running task... Cancel: sbt.server.ServerTaskCancellation@43af282d, check cycles: false
Total time: 0 s, completed 04-dic-2016 14:35:18
> server-post-command-cleanup
> server-handle-next-server-request
> {file:/C:/Users/win7/Desktop/tareaigfv2/biodiversidadebean/}myProject/compile:discoveredMainClasses
Evaluating tasks: compile:discoveredMainClasses
Running task... Cancel: sbt.server.ServerTaskCancellation@53d96146, check cycles: false

Initial source changes: 
	removed:Set()
	added: Set()
	modified: Set()
Removed products: Set()
External API changes: API Changes: Set()
Modified binary dependencies: Set()
Initial directly invalidated sources: Set()

Sources indirectly invalidated by:
	product: Set()
	binary dep: Set()
	external source: Set()
All initially invalidated sources: Set()

Total time: 2 s, completed 04-dic-2016 14:35:20
> server-post-command-cleanup
> server-handle-next-server-request
> {file:/C:/Users/win7/Desktop/tareaigfv2/biodiversidadebean/}myProject/compile:mainClass
Evaluating tasks: compile:mainClass
Running task... Cancel: sbt.server.ServerTaskCancellation@37c8d5e5, check cycles: false
Total time: 0 s, completed 04-dic-2016 14:35:21
> server-post-command-cleanup
> server-handle-next-server-request
> backgroundRun
Evaluating tasks: compile:backgroundRun
Running task... Cancel: sbt.server.ServerTaskCancellation@2ae7cd8a, check cycles: false
Total time: 1 s, completed 04-dic-2016 14:51:02
> server-post-command-cleanup
> server-handle-next-server-request
> {file:/C:/Users/win7/Desktop/tareaigfv2/biodiversidadebean/}myProject/*:playForkConfig
Evaluating tasks: *:playForkConfig
Running task... Cancel: sbt.server.ServerTaskCancellation@69425252, check cycles: false
Total time: 2 s, completed 04-dic-2016 14:51:13
> server-post-command-cleanup
> server-handle-next-server-request
> myProject/playForkNotifyStart http://localhost:9000
Evaluating tasks: *:playForkNotifyStart
Running task... Cancel: sbt.server.ServerTaskCancellation@2d51f111, check cycles: false
Total time: 0 s, completed 04-dic-2016 14:51:22
> server-post-command-cleanup
> server-handle-next-server-request
> {file:/C:/Users/win7/Desktop/tareaigfv2/biodiversidadebean/}myProject/*:playForkReload
Evaluating tasks: *:playForkReload
Running task... Cancel: sbt.server.ServerTaskCancellation@3a80735d, check cycles: false

Initial source changes: 
	removed:Set()
	added: Set()
	modified: Set()
Removed products: Set()
External API changes: API Changes: Set()
Modified binary dependencies: Set()
Initial directly invalidated sources: Set()

Sources indirectly invalidated by:
	product: Set()
	binary dep: Set()
	external source: Set()
All initially invalidated sources: Set()

Copy resource mappings: 
	(C:\Users\win7\Desktop\tareaigfv2\biodiversidadebean\conf\application.conf,C:\Users\win7\Desktop\tareaigfv2\biodiversidadebean\target\scala-2.11\classes\application.conf)
	(C:\Users\win7\Desktop\tareaigfv2\biodiversidadebean\conf\evolutions,C:\Users\win7\Desktop\tareaigfv2\biodiversidadebean\target\scala-2.11\classes\evolutions)
	(C:\Users\win7\Desktop\tareaigfv2\biodiversidadebean\conf\logback.xml,C:\Users\win7\Desktop\tareaigfv2\biodiversidadebean\target\scala-2.11\classes\logback.xml)
	(C:\Users\win7\Desktop\tareaigfv2\biodiversidadebean\conf\messages,C:\Users\win7\Desktop\tareaigfv2\biodiversidadebean\target\scala-2.11\classes\messages)
	(C:\Users\win7\Desktop\tareaigfv2\biodiversidadebean\conf\routes,C:\Users\win7\Desktop\tareaigfv2\biodiversidadebean\target\scala-2.11\classes\routes)
	(C:\Users\win7\Desktop\tareaigfv2\biodiversidadebean\conf\evolutions\default,C:\Users\win7\Desktop\tareaigfv2\biodiversidadebean\target\scala-2.11\classes\evolutions\default)
	(C:\Users\win7\Desktop\tareaigfv2\biodiversidadebean\conf\evolutions\default\1.sql,C:\Users\win7\Desktop\tareaigfv2\biodiversidadebean\target\scala-2.11\classes\evolutions\default\1.sql)
Warning: node.js detection failed, sbt will use the Rhino based Trireme JavaScript engine instead to run JavaScript assets compilation, which in some cases may be orders of magnitude slower than using node.js.
Total time: 11 s, completed 04-dic-2016 14:51:35
> server-post-command-cleanup
> server-handle-next-server-request
